Using pre-set license
Built from '2020.3/release' branch; Version is '2020.3.1f1 (77a89f25062f) revision 7841951'; Using compiler version '192528614'; Build Type 'Release'
OS: 'Windows 10 Pro; OS build 19042.1052; Version 2009; 64bit' Language: 'uk' Physical Memory: 7637 MB
BatchMode: 1, IsHumanControllingUs: 0, StartBugReporterOnCrash: 0, Is64bit: 1, IsPro: 0

 COMMAND LINE ARGUMENTS:
C:\UnityEditor\2020.3.1f1\Editor\Unity.exe
-adb2
-batchMode
-noUpm
-name
AssetImportWorker0
-projectPath
C:/Users/njkz3/Desktop/Unity/Unity Projects/Ar_Computer_Education
-logFile
Logs/AssetImportWorker0.log
-srvPort
59796
Successfully changed project path to: C:/Users/njkz3/Desktop/Unity/Unity Projects/Ar_Computer_Education
C:/Users/njkz3/Desktop/Unity/Unity Projects/Ar_Computer_Education
Using Asset Import Pipeline V2.
Refreshing native plugins compatible for Editor in 178.04 ms, found 2 plugins.
Preloading 0 native plugins for Editor in 0.00 ms.
Initialize engine version: 2020.3.1f1 (77a89f25062f)
[Subsystems] Discovering subsystems at path C:/UnityEditor/2020.3.1f1/Editor/Data/Resources/UnitySubsystems
[Subsystems] Discovering subsystems at path C:/Users/njkz3/Desktop/Unity/Unity Projects/Ar_Computer_Education/Assets
GfxDevice: creating device client; threaded=0
Direct3D:
    Version:  Direct3D 11.0 [level 11.1]
    Renderer: AMD Radeon R7 Graphics (ID=0x9874)
    Vendor:   
    VRAM:     485 MB
    Driver:   27.20.15003.1004
Initialize mono
Mono path[0] = 'C:/UnityEditor/2020.3.1f1/Editor/Data/Managed'
Mono path[1] = 'C:/UnityEditor/2020.3.1f1/Editor/Data/MonoBleedingEdge/lib/mono/unityjit'
Mono config path = 'C:/UnityEditor/2020.3.1f1/Editor/Data/MonoBleedingEdge/etc'
Using monoOptions --debugger-agent=transport=dt_socket,embedding=1,server=y,suspend=n,address=127.0.0.1:56248
Begin MonoManager ReloadAssembly
Registering precompiled unity dll's ...
Register platform support module: C:/UnityEditor/2020.3.1f1/Editor/Data/PlaybackEngines/WindowsStandaloneSupport/UnityEditor.WindowsStandalone.Extensions.dll
Registered in 0.006853 seconds.
Native extension for WindowsStandalone target not found
Refreshing native plugins compatible for Editor in 119.28 ms, found 2 plugins.
Preloading 0 native plugins for Editor in 0.00 ms.
Invoked RoslynAnalysisRunner static constructor.
RoslynAnalysisRunner will not be running.
RoslynAnalysisRunner has terminated.
Mono: successfully reloaded assembly
- Completed reload, in  8.587 seconds
Platform modules already initialized, skipping
Registering precompiled user dll's ...
Registered in 0.020886 seconds.
Begin MonoManager ReloadAssembly
Native extension for WindowsStandalone target not found
Refreshing native plugins compatible for Editor in 1.28 ms, found 2 plugins.
Preloading 0 native plugins for Editor in 0.00 ms.
Invoked RoslynAnalysisRunner static constructor.
RoslynAnalysisRunner will not be running.
RoslynAnalysisRunner has terminated.
Mono: successfully reloaded assembly
- Completed reload, in  2.794 seconds
Platform modules already initialized, skipping
========================================================================
Worker process is ready to serve import requests
Launched and connected shader compiler UnityShaderCompiler.exe after 0.10 seconds
Refreshing native plugins compatible for Editor in 1.17 ms, found 2 plugins.
Preloading 0 native plugins for Editor in 0.00 ms.
Unloading 1901 Unused Serialized files (Serialized files now loaded: 0)
System memory in use before: 82.4 MB.
System memory in use after: 82.5 MB.

Unloading 23 unused Assets to reduce memory usage. Loaded Objects now: 2339.
Total: 5.623800 ms (FindLiveObjects: 1.145600 ms CreateObjectMapping: 0.231400 ms MarkObjects: 4.031500 ms  DeleteObjects: 0.210700 ms)

========================================================================
Received Import Request.
  path: Assets/Prefabs/ComputerCase.prefab
  artifactKey: Guid(246125c830690064188866e90ebcd60c) Importer(815301076,1909f56bfc062723c751e8b465ee728b)
Start importing Assets/Prefabs/ComputerCase.prefab using Guid(246125c830690064188866e90ebcd60c) Importer(815301076,1909f56bfc062723c751e8b465ee728b)  -> (artifact id: '2c351965b640fda088d5ffbe373248a0') in 4.626143 seconds
  Import took 4.698598 seconds .

========================================================================
Received Import Request.
  Time since last request: 305.168780 seconds.
  path: Assets/Prefabs/ComputerCase.prefab
  artifactKey: Guid(246125c830690064188866e90ebcd60c) Importer(815301076,1909f56bfc062723c751e8b465ee728b)
Start importing Assets/Prefabs/ComputerCase.prefab using Guid(246125c830690064188866e90ebcd60c) Importer(815301076,1909f56bfc062723c751e8b465ee728b)  -> (artifact id: '780b2bc48e0f83836105c4e6d669f5df') in 6.351027 seconds
  Import took 6.450341 seconds .

========================================================================
Received Import Request.
  Time since last request: 138.985435 seconds.
  path: Assets/Prefabs/ComputerCase.prefab
  artifactKey: Guid(246125c830690064188866e90ebcd60c) Importer(815301076,1909f56bfc062723c751e8b465ee728b)
Start importing Assets/Prefabs/ComputerCase.prefab using Guid(246125c830690064188866e90ebcd60c) Importer(815301076,1909f56bfc062723c751e8b465ee728b)  -> (artifact id: 'a8a6175b3ec87a1441e7a1be89c1c1f3') in 5.348959 seconds
  Import took 5.471070 seconds .

========================================================================
Received Prepare
Refreshing native plugins compatible for Editor in 40.44 ms, found 2 plugins.
Preloading 0 native plugins for Editor in 0.00 ms.
Unloading 15 Unused Serialized files (Serialized files now loaded: 0)
System memory in use before: 53.2 MB.
System memory in use after: 53.3 MB.

Unloading 14 unused Assets to reduce memory usage. Loaded Objects now: 2347.
Total: 16.749000 ms (FindLiveObjects: 1.022300 ms CreateObjectMapping: 0.379400 ms MarkObjects: 14.868900 ms  DeleteObjects: 0.473400 ms)

